Traceback (most recent call last):
  File "/home/auralius/miniconda3/envs/py.3.12.4/lib/python3.12/site-packages/jupyter_cache/executors/utils.py", line 58, in single_nb_execution
    executenb(
  File "/home/auralius/miniconda3/envs/py.3.12.4/lib/python3.12/site-packages/nbclient/client.py", line 1319, in execute
    return NotebookClient(nb=nb, resources=resources, km=km, **kwargs).execute()
           ^^^^^^^^^^^^^^^^^^^^^^^^^^^^^^^^^^^^^^^^^^^^^^^^^^^^^^^^^^^^^^^^^^^^^
  File "/home/auralius/miniconda3/envs/py.3.12.4/lib/python3.12/site-packages/jupyter_core/utils/__init__.py", line 165, in wrapped
    return loop.run_until_complete(inner)
           ^^^^^^^^^^^^^^^^^^^^^^^^^^^^^^
  File "/home/auralius/miniconda3/envs/py.3.12.4/lib/python3.12/asyncio/base_events.py", line 687, in run_until_complete
    return future.result()
           ^^^^^^^^^^^^^^^
  File "/home/auralius/miniconda3/envs/py.3.12.4/lib/python3.12/site-packages/nbclient/client.py", line 709, in async_execute
    await self.async_execute_cell(
  File "/home/auralius/miniconda3/envs/py.3.12.4/lib/python3.12/site-packages/nbclient/client.py", line 1062, in async_execute_cell
    await self._check_raise_for_error(cell, cell_index, exec_reply)
  File "/home/auralius/miniconda3/envs/py.3.12.4/lib/python3.12/site-packages/nbclient/client.py", line 918, in _check_raise_for_error
    raise CellExecutionError.from_cell_and_msg(cell, exec_reply_content)
nbclient.exceptions.CellExecutionError: An error occurred while executing the following cell:
------------------
hidden_size = 40

net = TwoLayerNet(input_size, hidden_size, num_classes)
stats = net.train(X_train_conv, Y_train, reg=0.02, gtol=1e-3, maxiter=200, verbose=False)
------------------


[0;31m---------------------------------------------------------------------------[0m
[0;31mNameError[0m                                 Traceback (most recent call last)
Cell [0;32mIn[14], line 4[0m
[1;32m      1[0m hidden_size [38;5;241m=[39m [38;5;241m40[39m
[1;32m      3[0m net [38;5;241m=[39m TwoLayerNet(input_size, hidden_size, num_classes)
[0;32m----> 4[0m stats [38;5;241m=[39m [43mnet[49m[38;5;241;43m.[39;49m[43mtrain[49m[43m([49m[43mX_train_conv[49m[43m,[49m[43m [49m[43mY_train[49m[43m,[49m[43m [49m[43mreg[49m[38;5;241;43m=[39;49m[38;5;241;43m0.02[39;49m[43m,[49m[43m [49m[43mgtol[49m[38;5;241;43m=[39;49m[38;5;241;43m1e-3[39;49m[43m,[49m[43m [49m[43mmaxiter[49m[38;5;241;43m=[39;49m[38;5;241;43m200[39;49m[43m,[49m[43m [49m[43mverbose[49m[38;5;241;43m=[39;49m[38;5;28;43;01mFalse[39;49;00m[43m)[49m

Cell [0;32mIn[6], line 141[0m, in [0;36mTwoLayerNet.train[0;34m(self, X, Y, reg, gtol, maxiter, verbose)[0m
[1;32m    135[0m     [38;5;28;01mreturn[39;00m loss
[1;32m    137[0m x0 [38;5;241m=[39m np[38;5;241m.[39mhstack(([38;5;28mself[39m[38;5;241m.[39mparams[[38;5;124m'[39m[38;5;124mW1[39m[38;5;124m'[39m][38;5;241m.[39mflatten(), 
[1;32m    138[0m                 [38;5;28mself[39m[38;5;241m.[39mparams[[38;5;124m'[39m[38;5;124mb1[39m[38;5;124m'[39m], 
[1;32m    139[0m                 [38;5;28mself[39m[38;5;241m.[39mparams[[38;5;124m'[39m[38;5;124mW2[39m[38;5;124m'[39m][38;5;241m.[39mflatten(), 
[1;32m    140[0m                 [38;5;28mself[39m[38;5;241m.[39mparams[[38;5;124m'[39m[38;5;124mb2[39m[38;5;124m'[39m]))
[0;32m--> 141[0m res [38;5;241m=[39m [43mminimize[49m(obj, x0, method[38;5;241m=[39m[38;5;124m'[39m[38;5;124mL-BFGS-B[39m[38;5;124m'[39m, jac[38;5;241m=[39m[38;5;28;01mTrue[39;00m, options[38;5;241m=[39m{[38;5;124m'[39m[38;5;124mgtol[39m[38;5;124m'[39m: gtol, [38;5;124m'[39m[38;5;124mmaxiter[39m[38;5;124m'[39m: maxiter, [38;5;124m'[39m[38;5;124mdisp[39m[38;5;124m'[39m: [38;5;28;01mTrue[39;00m})
[1;32m    143[0m [38;5;28mself[39m[38;5;241m.[39mparams[[38;5;124m"[39m[38;5;124mW1[39m[38;5;124m"[39m] [38;5;241m=[39m res[38;5;241m.[39mx[[38;5;241m0[39m: D[38;5;241m*[39mH][38;5;241m.[39mreshape(D,H)
[1;32m    144[0m [38;5;28mself[39m[38;5;241m.[39mparams[[38;5;124m"[39m[38;5;124mb1[39m[38;5;124m"[39m] [38;5;241m=[39m res[38;5;241m.[39mx[D[38;5;241m*[39mH: D[38;5;241m*[39mH[38;5;241m+[39mH]

[0;31mNameError[0m: name 'minimize' is not defined

