Traceback (most recent call last):
  File "/home/auralius/miniconda3/envs/py.3.12.4/lib/python3.12/site-packages/jupyter_cache/executors/utils.py", line 58, in single_nb_execution
    executenb(
  File "/home/auralius/miniconda3/envs/py.3.12.4/lib/python3.12/site-packages/nbclient/client.py", line 1319, in execute
    return NotebookClient(nb=nb, resources=resources, km=km, **kwargs).execute()
           ^^^^^^^^^^^^^^^^^^^^^^^^^^^^^^^^^^^^^^^^^^^^^^^^^^^^^^^^^^^^^^^^^^^^^
  File "/home/auralius/miniconda3/envs/py.3.12.4/lib/python3.12/site-packages/jupyter_core/utils/__init__.py", line 165, in wrapped
    return loop.run_until_complete(inner)
           ^^^^^^^^^^^^^^^^^^^^^^^^^^^^^^
  File "/home/auralius/miniconda3/envs/py.3.12.4/lib/python3.12/asyncio/base_events.py", line 687, in run_until_complete
    return future.result()
           ^^^^^^^^^^^^^^^
  File "/home/auralius/miniconda3/envs/py.3.12.4/lib/python3.12/site-packages/nbclient/client.py", line 709, in async_execute
    await self.async_execute_cell(
  File "/home/auralius/miniconda3/envs/py.3.12.4/lib/python3.12/site-packages/nbclient/client.py", line 1062, in async_execute_cell
    await self._check_raise_for_error(cell, cell_index, exec_reply)
  File "/home/auralius/miniconda3/envs/py.3.12.4/lib/python3.12/site-packages/nbclient/client.py", line 918, in _check_raise_for_error
    raise CellExecutionError.from_cell_and_msg(cell, exec_reply_content)
nbclient.exceptions.CellExecutionError: An error occurred while executing the following cell:
------------------

# Estimating weight and bias using gradient descent
w = gradient_descent(learning_rate=0.1, iterations=2000)
print(f"w that minimized L(w): {w:.5f}")
------------------


[0;31m---------------------------------------------------------------------------[0m
[0;31mNameError[0m                                 Traceback (most recent call last)
Cell [0;32mIn[6], line 2[0m
[1;32m      1[0m [38;5;66;03m# Estimating weight and bias using gradient descent[39;00m
[0;32m----> 2[0m w [38;5;241m=[39m [43mgradient_descent[49m(learning_rate[38;5;241m=[39m[38;5;241m0.1[39m, iterations[38;5;241m=[39m[38;5;241m2000[39m)
[1;32m      3[0m [38;5;28mprint[39m([38;5;124mf[39m[38;5;124m"[39m[38;5;124mw that minimized L(w): [39m[38;5;132;01m{[39;00mw[38;5;132;01m:[39;00m[38;5;124m.5f[39m[38;5;132;01m}[39;00m[38;5;124m"[39m)

[0;31mNameError[0m: name 'gradient_descent' is not defined

